::1 - - [02/Jul/2025 16:12:26] "GET /preview-miura-complete.html HTTP/1.1" 200 -
::1 - - [02/Jul/2025 16:19:50] "GET /preview-miura-complete.html HTTP/1.1" 200 -
::1 - - [02/Jul/2025 16:26:35] "GET /preview-miura-complete.html HTTP/1.1" 200 -
::1 - - [02/Jul/2025 22:27:35] "GET /preview-miura-complete.html HTTP/1.1" 200 -
::1 - - [02/Jul/2025 22:27:35] code 404, message File not found
::1 - - [02/Jul/2025 22:27:35] "GET /assets/img/owd-lp-hero.png HTTP/1.1" 404 -
::1 - - [02/Jul/2025 22:27:35] code 404, message File not found
::1 - - [02/Jul/2025 22:27:35] "GET /assets/img/elearning.png HTTP/1.1" 404 -
::1 - - [02/Jul/2025 22:27:35] code 404, message File not found
::1 - - [02/Jul/2025 22:27:35] "GET /assets/img/pool.png HTTP/1.1" 404 -
::1 - - [02/Jul/2025 22:27:35] code 404, message File not found
::1 - - [02/Jul/2025 22:27:35] "GET /assets/img/owd1.png HTTP/1.1" 404 -
::1 - - [02/Jul/2025 22:27:35] code 404, message File not found
::1 - - [02/Jul/2025 22:27:35] "GET /assets/img/owd2.png HTTP/1.1" 404 -
::1 - - [02/Jul/2025 22:27:35] code 404, message File not found
::1 - - [02/Jul/2025 22:27:35] "GET /assets/img/padi.png HTTP/1.1" 404 -
::1 - - [02/Jul/2025 22:27:35] code 404, message File not found
::1 - - [02/Jul/2025 22:27:35] "GET /assets/img/miura.png HTTP/1.1" 404 -
::1 - - [02/Jul/2025 22:27:35] code 404, message File not found
::1 - - [02/Jul/2025 22:27:35] "GET /assets/img/pool2.png HTTP/1.1" 404 -
::1 - - [02/Jul/2025 22:27:39] "GET /preview-miura-complete.html HTTP/1.1" 304 -
::1 - - [02/Jul/2025 22:27:39] code 404, message File not found
::1 - - [02/Jul/2025 22:27:39] "GET /assets/img/owd-lp-hero.png HTTP/1.1" 404 -
::1 - - [02/Jul/2025 22:27:40] code 404, message File not found
::1 - - [02/Jul/2025 22:27:40] code 404, message File not found
::1 - - [02/Jul/2025 22:27:40] "GET /assets/img/elearning.png HTTP/1.1" 404 -
::1 - - [02/Jul/2025 22:27:40] "GET /assets/img/pool.png HTTP/1.1" 404 -
::1 - - [02/Jul/2025 22:27:40] code 404, message File not found
::1 - - [02/Jul/2025 22:27:40] code 404, message File not found
::1 - - [02/Jul/2025 22:27:40] code 404, message File not found
::1 - - [02/Jul/2025 22:27:40] code 404, message File not found
::1 - - [02/Jul/2025 22:27:40] "GET /assets/img/owd2.png HTTP/1.1" 404 -
::1 - - [02/Jul/2025 22:27:40] "GET /assets/img/padi.png HTTP/1.1" 404 -
::1 - - [02/Jul/2025 22:27:40] "GET /assets/img/miura.png HTTP/1.1" 404 -
::1 - - [02/Jul/2025 22:27:40] "GET /assets/img/owd1.png HTTP/1.1" 404 -
::1 - - [02/Jul/2025 22:27:40] code 404, message File not found
::1 - - [02/Jul/2025 22:27:40] "GET /assets/img/pool2.png HTTP/1.1" 404 -
::1 - - [02/Jul/2025 22:27:54] "GET /preview-miura-complete.html HTTP/1.1" 304 -
::1 - - [02/Jul/2025 22:27:54] code 404, message File not found
::1 - - [02/Jul/2025 22:27:54] "GET /assets/img/owd-lp-hero.png HTTP/1.1" 404 -
::1 - - [02/Jul/2025 22:27:54] code 404, message File not found
::1 - - [02/Jul/2025 22:27:54] "GET /assets/img/elearning.png HTTP/1.1" 404 -
::1 - - [02/Jul/2025 22:27:54] code 404, message File not found
::1 - - [02/Jul/2025 22:27:54] "GET /assets/img/pool.png HTTP/1.1" 404 -
::1 - - [02/Jul/2025 22:27:54] code 404, message File not found
::1 - - [02/Jul/2025 22:27:54] "GET /assets/img/owd1.png HTTP/1.1" 404 -
::1 - - [02/Jul/2025 22:27:54] code 404, message File not found
::1 - - [02/Jul/2025 22:27:54] code 404, message File not found
::1 - - [02/Jul/2025 22:27:54] "GET /assets/img/pool2.png HTTP/1.1" 404 -
::1 - - [02/Jul/2025 22:27:54] "GET /assets/img/miura.png HTTP/1.1" 404 -
::1 - - [02/Jul/2025 22:27:54] code 404, message File not found
::1 - - [02/Jul/2025 22:27:54] code 404, message File not found
::1 - - [02/Jul/2025 22:27:54] "GET /assets/img/padi.png HTTP/1.1" 404 -
::1 - - [02/Jul/2025 22:27:54] "GET /assets/img/owd2.png HTTP/1.1" 404 -
::1 - - [03/Jul/2025 10:58:39] code 404, message File not found
::1 - - [03/Jul/2025 10:58:39] "GET /owd-lp-underwater-test.html HTTP/1.1" 404 -
::1 - - [03/Jul/2025 10:58:39] code 404, message File not found
::1 - - [03/Jul/2025 10:58:39] "GET /favicon.ico HTTP/1.1" 404 -
::1 - - [03/Jul/2025 11:14:17] code 404, message File not found
::1 - - [03/Jul/2025 11:14:17] "GET /owd-lp-underwater-test.html HTTP/1.1" 404 -
::1 - - [03/Jul/2025 11:14:21] code 404, message File not found
::1 - - [03/Jul/2025 11:14:21] "GET /owd-lp-underwater-test.html HTTP/1.1" 404 -
::1 - - [03/Jul/2025 11:14:36] code 404, message File not found
::1 - - [03/Jul/2025 11:14:36] "GET /owd-lp-underwater-test.html HTTP/1.1" 404 -
